0 info it worked if it ends with ok
1 verbose cli [ '/usr/local/bin/node', '/usr/local/bin/npm', 'run', 'babel-w' ]
2 info using npm@4.1.2
3 info using node@v7.6.0
4 verbose run-script [ 'prebabel-w', 'babel-w', 'postbabel-w' ]
5 info lifecycle antd-demo@1.0.0~prebabel-w: antd-demo@1.0.0
6 silly lifecycle antd-demo@1.0.0~prebabel-w: no script for prebabel-w, continuing
7 info lifecycle antd-demo@1.0.0~babel-w: antd-demo@1.0.0
8 verbose lifecycle antd-demo@1.0.0~babel-w: unsafe-perm in lifecycle true
9 verbose lifecycle antd-demo@1.0.0~babel-w: PATH: /usr/local/lib/node_modules/npm/bin/node-gyp-bin:/Users/brick/code/antd-demo/node_modules/.bin:/usr/local/lib/node_modules/npm/bin/node-gyp-bin:/Users/brick/code/antd-demo/node_modules/.bin:/usr/local/mysql/bin:/Users/brick/Sites/mongodb/bin:/usr/local/bin:/usr/bin:/bin:/usr/sbin:/sbin
10 verbose lifecycle antd-demo@1.0.0~babel-w: CWD: /Users/brick/code/antd-demo
11 silly lifecycle antd-demo@1.0.0~babel-w: Args: [ '-c',
11 silly lifecycle   'babel src -d dist --experimental --watch --copy-files' ]
12 info lifecycle antd-demo@1.0.0~babel-w: Failed to exec babel-w script
13 verbose stack Error: antd-demo@1.0.0 babel-w: `babel src -d dist --experimental --watch --copy-files`
13 verbose stack spawn ENOENT
13 verbose stack     at ChildProcess.<anonymous> (/usr/local/lib/node_modules/npm/lib/utils/spawn.js:33:16)
13 verbose stack     at emitTwo (events.js:106:13)
13 verbose stack     at ChildProcess.emit (events.js:192:7)
13 verbose stack     at maybeClose (internal/child_process.js:890:16)
13 verbose stack     at Process.ChildProcess._handle.onexit (internal/child_process.js:226:5)
14 verbose pkgid antd-demo@1.0.0
15 verbose cwd /Users/brick/code/antd-demo
16 error Darwin 16.4.0
17 error argv "/usr/local/bin/node" "/usr/local/bin/npm" "run" "babel-w"
18 error node v7.6.0
19 error npm  v4.1.2
20 error file sh
21 error code ELIFECYCLE
22 error errno ENOENT
23 error syscall spawn
24 error antd-demo@1.0.0 babel-w: `babel src -d dist --experimental --watch --copy-files`
24 error spawn ENOENT
25 error Failed at the antd-demo@1.0.0 babel-w script 'babel src -d dist --experimental --watch --copy-files'.
25 error Make sure you have the latest version of node.js and npm installed.
25 error If you do, this is most likely a problem with the antd-demo package,
25 error not with npm itself.
25 error Tell the author that this fails on your system:
25 error     babel src -d dist --experimental --watch --copy-files
25 error You can get information on how to open an issue for this project with:
25 error     npm bugs antd-demo
25 error Or if that isn't available, you can get their info via:
25 error     npm owner ls antd-demo
25 error There is likely additional logging output above.
26 verbose exit [ 1, true ]
